2018-08-21 15:45:37 [org.springframework.boot.StartupInfoLogger:50] - Starting Application on EDZ-20180526GRA with PID 8400 (D:\SelfTask\code\web\target\classes started by Administrator in D:\SelfTask\code)
2018-08-21 15:45:37 [org.springframework.boot.SpringApplication:652] - No active profile set, falling back to default profiles: default
2018-08-21 15:45:37 [org.springframework.context.support.AbstractApplicationContext:589] - Refreshing org.springframework.boot.web.servlet.context.AnnotationConfigServletWebServerApplicationContext@4df50bcc: startup date [Tue Aug 21 15:45:37 CST 2018]; root of context hierarchy
2018-08-21 15:45:38 [org.springframework.beans.factory.support.DefaultListableBeanFactory:824] - Overriding bean definition for bean 'dataSource' with a different definition: replacing [Root bean: class [null]; scope=; abstract=false; lazyInit=false; autowireMode=3; dependencyCheck=0; autowireCandidate=true; primary=false; factoryBeanName=org.springframework.boot.autoconfigure.jdbc.DataSourceConfiguration$Tomcat; factoryMethodName=dataSource; initMethodName=null; destroyMethodName=(inferred); defined in class path resource [org/springframework/boot/autoconfigure/jdbc/DataSourceConfiguration$Tomcat.class]] with [Root bean: class [null]; scope=; abstract=false; lazyInit=false; autowireMode=3; dependencyCheck=0; autowireCandidate=true; primary=false; factoryBeanName=org.springframework.boot.autoconfigure.jdbc.DataSourceConfiguration$Hikari; factoryMethodName=dataSource; initMethodName=null; destroyMethodName=(inferred); defined in class path resource [org/springframework/boot/autoconfigure/jdbc/DataSourceConfiguration$Hikari.class]]
2018-08-21 15:45:39 [org.springframework.boot.web.embedded.tomcat.TomcatWebServer:91] - Tomcat initialized with port(s): 8080 (http)
2018-08-21 15:45:39 [org.apache.juli.logging.DirectJDKLog:180] - Initializing ProtocolHandler ["http-nio-8080"]
2018-08-21 15:45:39 [org.apache.juli.logging.DirectJDKLog:180] - Starting service [Tomcat]
2018-08-21 15:45:39 [org.apache.juli.logging.DirectJDKLog:180] - Starting Servlet Engine: Apache Tomcat/8.5.28
2018-08-21 15:45:39 [org.apache.juli.logging.DirectJDKLog:180] - The APR based Apache Tomcat Native library which allows optimal performance in production environments was not found on the java.library.path: [C:\Program Files\Java\jdk1.8.0_171\bin;C:\Windows\Sun\Java\bin;C:\Windows\system32;C:\Windows;C:\Program Files\Java\jdk1.8.0_171\bin;C:\Program Files\Java\jdk1.8.0_171\jre\bin;C:\Program Files (x86)\Common Files\Oracle\Java\javapath;C:\Windows\system32;C:\Windows;C:\Windows\System32\Wbem;C:\Windows\System32\WindowsPowerShell\v1.0\;D:\Application\Tools\mysql\bin;D:\Application\Tools\gradle-4.7\bin;D:\Application\Tools\android-sdk-windows\platform-tools;D:\Application\Tools\android-sdk-windows\tools;D:\WinSCP\;D:\Application\Tools\nvm\nvm;C:\Program Files\nodejs;D:\Application\Tools\Git\cmd;;D:\Application\Tools\Microsoft VS Code\bin;D:\Application\Tools\nvm\nvm;C:\Program Files\nodejs;D:\Application\Tools\Fiddler;.]
2018-08-21 15:45:39 [org.apache.juli.logging.DirectJDKLog:180] - Initializing Spring embedded WebApplicationContext
2018-08-21 15:45:39 [org.springframework.boot.web.servlet.context.ServletWebServerApplicationContext:285] - Root WebApplicationContext: initialization completed in 2523 ms
2018-08-21 15:45:40 [org.springframework.boot.web.servlet.ServletRegistrationBean:185] - Servlet dispatcherServlet mapped to [/]
2018-08-21 15:45:40 [org.springframework.boot.web.servlet.AbstractFilterRegistrationBean:243] - Mapping filter: 'characterEncodingFilter' to: [/*]
2018-08-21 15:45:40 [org.springframework.boot.web.servlet.AbstractFilterRegistrationBean:243] - Mapping filter: 'hiddenHttpMethodFilter' to: [/*]
2018-08-21 15:45:40 [org.springframework.boot.web.servlet.AbstractFilterRegistrationBean:243] - Mapping filter: 'httpPutFormContentFilter' to: [/*]
2018-08-21 15:45:40 [org.springframework.boot.web.servlet.AbstractFilterRegistrationBean:243] - Mapping filter: 'requestContextFilter' to: [/*]
2018-08-21 15:45:40 [org.apache.juli.logging.DirectJDKLog:180] - Stopping service [Tomcat]
2018-08-21 15:45:40 [org.springframework.boot.autoconfigure.logging.ConditionEvaluationReportLoggingListener:101] - 

Error starting ApplicationContext. To display the conditions report re-run your application with 'debug' enabled.
2018-08-22 10:16:58 [org.springframework.boot.StartupInfoLogger:50] - Starting Application on EDZ-20180526GRA with PID 7020 (D:\SelfTask\code\web\target\classes started by Administrator in D:\SelfTask\code)
2018-08-22 10:16:58 [org.springframework.boot.SpringApplication:652] - No active profile set, falling back to default profiles: default
2018-08-22 10:16:58 [org.springframework.context.support.AbstractApplicationContext:589] - Refreshing org.springframework.boot.web.servlet.context.AnnotationConfigServletWebServerApplicationContext@647fd8ce: startup date [Wed Aug 22 10:16:58 CST 2018]; root of context hierarchy
2018-08-22 10:17:00 [org.springframework.beans.factory.support.DefaultListableBeanFactory:824] - Overriding bean definition for bean 'dataSource' with a different definition: replacing [Root bean: class [null]; scope=; abstract=false; lazyInit=false; autowireMode=3; dependencyCheck=0; autowireCandidate=true; primary=false; factoryBeanName=org.springframework.boot.autoconfigure.jdbc.DataSourceConfiguration$Tomcat; factoryMethodName=dataSource; initMethodName=null; destroyMethodName=(inferred); defined in class path resource [org/springframework/boot/autoconfigure/jdbc/DataSourceConfiguration$Tomcat.class]] with [Root bean: class [null]; scope=; abstract=false; lazyInit=false; autowireMode=3; dependencyCheck=0; autowireCandidate=true; primary=false; factoryBeanName=org.springframework.boot.autoconfigure.jdbc.DataSourceConfiguration$Hikari; factoryMethodName=dataSource; initMethodName=null; destroyMethodName=(inferred); defined in class path resource [org/springframework/boot/autoconfigure/jdbc/DataSourceConfiguration$Hikari.class]]
2018-08-22 10:17:01 [org.springframework.boot.web.embedded.tomcat.TomcatWebServer:91] - Tomcat initialized with port(s): 8080 (http)
2018-08-22 10:17:01 [org.apache.juli.logging.DirectJDKLog:180] - Initializing ProtocolHandler ["http-nio-8080"]
2018-08-22 10:17:01 [org.apache.juli.logging.DirectJDKLog:180] - Starting service [Tomcat]
2018-08-22 10:17:01 [org.apache.juli.logging.DirectJDKLog:180] - Starting Servlet Engine: Apache Tomcat/8.5.28
2018-08-22 10:17:01 [org.apache.juli.logging.DirectJDKLog:180] - The APR based Apache Tomcat Native library which allows optimal performance in production environments was not found on the java.library.path: [C:\Program Files\Java\jdk1.8.0_171\bin;C:\Windows\Sun\Java\bin;C:\Windows\system32;C:\Windows;C:\Program Files\Java\jdk1.8.0_171\bin;C:\Program Files\Java\jdk1.8.0_171\jre\bin;C:\Program Files (x86)\Common Files\Oracle\Java\javapath;C:\Windows\system32;C:\Windows;C:\Windows\System32\Wbem;C:\Windows\System32\WindowsPowerShell\v1.0\;D:\Application\Tools\mysql\bin;D:\Application\Tools\gradle-4.7\bin;D:\Application\Tools\android-sdk-windows\platform-tools;D:\Application\Tools\android-sdk-windows\tools;D:\WinSCP\;D:\Application\Tools\nvm\nvm;C:\Program Files\nodejs;D:\Application\Tools\Git\cmd;;D:\Application\Tools\Microsoft VS Code\bin;D:\Application\Tools\nvm\nvm;C:\Program Files\nodejs;D:\Application\Tools\Fiddler;.]
2018-08-22 10:17:01 [org.apache.juli.logging.DirectJDKLog:180] - Initializing Spring embedded WebApplicationContext
2018-08-22 10:17:01 [org.springframework.boot.web.servlet.context.ServletWebServerApplicationContext:285] - Root WebApplicationContext: initialization completed in 3132 ms
2018-08-22 10:17:02 [org.springframework.boot.web.servlet.ServletRegistrationBean:185] - Servlet dispatcherServlet mapped to [/]
2018-08-22 10:17:02 [org.springframework.boot.web.servlet.AbstractFilterRegistrationBean:243] - Mapping filter: 'characterEncodingFilter' to: [/*]
2018-08-22 10:17:02 [org.springframework.boot.web.servlet.AbstractFilterRegistrationBean:243] - Mapping filter: 'hiddenHttpMethodFilter' to: [/*]
2018-08-22 10:17:02 [org.springframework.boot.web.servlet.AbstractFilterRegistrationBean:243] - Mapping filter: 'httpPutFormContentFilter' to: [/*]
2018-08-22 10:17:02 [org.springframework.boot.web.servlet.AbstractFilterRegistrationBean:243] - Mapping filter: 'requestContextFilter' to: [/*]
2018-08-22 10:17:02 [org.apache.juli.logging.DirectJDKLog:180] - Stopping service [Tomcat]
2018-08-22 10:17:02 [org.springframework.boot.autoconfigure.logging.ConditionEvaluationReportLoggingListener:101] - 

Error starting ApplicationContext. To display the conditions report re-run your application with 'debug' enabled.
2018-08-22 10:20:37 [org.springframework.boot.StartupInfoLogger:50] - Starting Application on EDZ-20180526GRA with PID 8108 (D:\SelfTask\code\web\target\classes started by Administrator in D:\SelfTask\code)
2018-08-22 10:20:37 [org.springframework.boot.SpringApplication:652] - No active profile set, falling back to default profiles: default
2018-08-22 10:20:38 [org.springframework.context.support.AbstractApplicationContext:589] - Refreshing org.springframework.boot.web.servlet.context.AnnotationConfigServletWebServerApplicationContext@e056f20: startup date [Wed Aug 22 10:20:38 CST 2018]; root of context hierarchy
2018-08-22 10:20:39 [org.springframework.beans.factory.support.DefaultListableBeanFactory:824] - Overriding bean definition for bean 'dataSource' with a different definition: replacing [Root bean: class [null]; scope=; abstract=false; lazyInit=false; autowireMode=3; dependencyCheck=0; autowireCandidate=true; primary=false; factoryBeanName=org.springframework.boot.autoconfigure.jdbc.DataSourceConfiguration$Tomcat; factoryMethodName=dataSource; initMethodName=null; destroyMethodName=(inferred); defined in class path resource [org/springframework/boot/autoconfigure/jdbc/DataSourceConfiguration$Tomcat.class]] with [Root bean: class [null]; scope=; abstract=false; lazyInit=false; autowireMode=3; dependencyCheck=0; autowireCandidate=true; primary=false; factoryBeanName=org.springframework.boot.autoconfigure.jdbc.DataSourceConfiguration$Hikari; factoryMethodName=dataSource; initMethodName=null; destroyMethodName=(inferred); defined in class path resource [org/springframework/boot/autoconfigure/jdbc/DataSourceConfiguration$Hikari.class]]
2018-08-22 10:20:41 [org.springframework.boot.web.embedded.tomcat.TomcatWebServer:91] - Tomcat initialized with port(s): 8080 (http)
2018-08-22 10:20:41 [org.apache.juli.logging.DirectJDKLog:180] - Initializing ProtocolHandler ["http-nio-8080"]
2018-08-22 10:20:41 [org.apache.juli.logging.DirectJDKLog:180] - Starting service [Tomcat]
2018-08-22 10:20:41 [org.apache.juli.logging.DirectJDKLog:180] - Starting Servlet Engine: Apache Tomcat/8.5.28
2018-08-22 10:20:41 [org.apache.juli.logging.DirectJDKLog:180] - The APR based Apache Tomcat Native library which allows optimal performance in production environments was not found on the java.library.path: [C:\Program Files\Java\jdk1.8.0_171\bin;C:\Windows\Sun\Java\bin;C:\Windows\system32;C:\Windows;C:\Program Files\Java\jdk1.8.0_171\bin;C:\Program Files\Java\jdk1.8.0_171\jre\bin;C:\Program Files (x86)\Common Files\Oracle\Java\javapath;C:\Windows\system32;C:\Windows;C:\Windows\System32\Wbem;C:\Windows\System32\WindowsPowerShell\v1.0\;D:\Application\Tools\mysql\bin;D:\Application\Tools\gradle-4.7\bin;D:\Application\Tools\android-sdk-windows\platform-tools;D:\Application\Tools\android-sdk-windows\tools;D:\WinSCP\;D:\Application\Tools\nvm\nvm;C:\Program Files\nodejs;D:\Application\Tools\Git\cmd;;D:\Application\Tools\Microsoft VS Code\bin;D:\Application\Tools\nvm\nvm;C:\Program Files\nodejs;D:\Application\Tools\Fiddler;.]
2018-08-22 10:20:41 [org.apache.juli.logging.DirectJDKLog:180] - Initializing Spring embedded WebApplicationContext
2018-08-22 10:20:41 [org.springframework.boot.web.servlet.context.ServletWebServerApplicationContext:285] - Root WebApplicationContext: initialization completed in 3251 ms
2018-08-22 10:20:41 [org.springframework.boot.web.servlet.ServletRegistrationBean:185] - Servlet dispatcherServlet mapped to [/]
2018-08-22 10:20:41 [org.springframework.boot.web.servlet.AbstractFilterRegistrationBean:243] - Mapping filter: 'characterEncodingFilter' to: [/*]
2018-08-22 10:20:41 [org.springframework.boot.web.servlet.AbstractFilterRegistrationBean:243] - Mapping filter: 'hiddenHttpMethodFilter' to: [/*]
2018-08-22 10:20:41 [org.springframework.boot.web.servlet.AbstractFilterRegistrationBean:243] - Mapping filter: 'httpPutFormContentFilter' to: [/*]
2018-08-22 10:20:41 [org.springframework.boot.web.servlet.AbstractFilterRegistrationBean:243] - Mapping filter: 'requestContextFilter' to: [/*]
2018-08-22 10:20:41 [org.apache.juli.logging.DirectJDKLog:180] - Stopping service [Tomcat]
2018-08-22 10:20:41 [org.springframework.boot.autoconfigure.logging.ConditionEvaluationReportLoggingListener:101] - 

Error starting ApplicationContext. To display the conditions report re-run your application with 'debug' enabled.
2018-08-22 10:26:01 [org.springframework.boot.StartupInfoLogger:50] - Starting Application on EDZ-20180526GRA with PID 7628 (D:\SelfTask\code\web\target\classes started by Administrator in D:\SelfTask\code)
2018-08-22 10:26:01 [org.springframework.boot.SpringApplication:652] - No active profile set, falling back to default profiles: default
2018-08-22 10:26:01 [org.springframework.context.support.AbstractApplicationContext:589] - Refreshing org.springframework.boot.web.servlet.context.AnnotationConfigServletWebServerApplicationContext@1ed1993a: startup date [Wed Aug 22 10:26:01 CST 2018]; root of context hierarchy
2018-08-22 10:26:02 [org.springframework.beans.factory.support.DefaultListableBeanFactory:824] - Overriding bean definition for bean 'dataSource' with a different definition: replacing [Root bean: class [null]; scope=; abstract=false; lazyInit=false; autowireMode=3; dependencyCheck=0; autowireCandidate=true; primary=false; factoryBeanName=org.springframework.boot.autoconfigure.jdbc.DataSourceConfiguration$Tomcat; factoryMethodName=dataSource; initMethodName=null; destroyMethodName=(inferred); defined in class path resource [org/springframework/boot/autoconfigure/jdbc/DataSourceConfiguration$Tomcat.class]] with [Root bean: class [null]; scope=; abstract=false; lazyInit=false; autowireMode=3; dependencyCheck=0; autowireCandidate=true; primary=false; factoryBeanName=org.springframework.boot.autoconfigure.jdbc.DataSourceConfiguration$Hikari; factoryMethodName=dataSource; initMethodName=null; destroyMethodName=(inferred); defined in class path resource [org/springframework/boot/autoconfigure/jdbc/DataSourceConfiguration$Hikari.class]]
2018-08-22 10:26:04 [org.springframework.boot.web.embedded.tomcat.TomcatWebServer:91] - Tomcat initialized with port(s): 9090 (http)
2018-08-22 10:26:04 [org.apache.juli.logging.DirectJDKLog:180] - Initializing ProtocolHandler ["http-nio-9090"]
2018-08-22 10:26:04 [org.apache.juli.logging.DirectJDKLog:180] - Starting service [Tomcat]
2018-08-22 10:26:04 [org.apache.juli.logging.DirectJDKLog:180] - Starting Servlet Engine: Apache Tomcat/8.5.28
2018-08-22 10:26:04 [org.apache.juli.logging.DirectJDKLog:180] - The APR based Apache Tomcat Native library which allows optimal performance in production environments was not found on the java.library.path: [C:\Program Files\Java\jdk1.8.0_171\bin;C:\Windows\Sun\Java\bin;C:\Windows\system32;C:\Windows;C:\Program Files\Java\jdk1.8.0_171\bin;C:\Program Files\Java\jdk1.8.0_171\jre\bin;C:\Program Files (x86)\Common Files\Oracle\Java\javapath;C:\Windows\system32;C:\Windows;C:\Windows\System32\Wbem;C:\Windows\System32\WindowsPowerShell\v1.0\;D:\Application\Tools\mysql\bin;D:\Application\Tools\gradle-4.7\bin;D:\Application\Tools\android-sdk-windows\platform-tools;D:\Application\Tools\android-sdk-windows\tools;D:\WinSCP\;D:\Application\Tools\nvm\nvm;C:\Program Files\nodejs;D:\Application\Tools\Git\cmd;;D:\Application\Tools\Microsoft VS Code\bin;D:\Application\Tools\nvm\nvm;C:\Program Files\nodejs;D:\Application\Tools\Fiddler;.]
2018-08-22 10:26:04 [org.apache.juli.logging.DirectJDKLog:180] - Initializing Spring embedded WebApplicationContext
2018-08-22 10:26:04 [org.springframework.boot.web.servlet.context.ServletWebServerApplicationContext:285] - Root WebApplicationContext: initialization completed in 2962 ms
2018-08-22 10:26:04 [org.springframework.boot.web.servlet.ServletRegistrationBean:185] - Servlet dispatcherServlet mapped to [/web/*]
2018-08-22 10:26:04 [org.springframework.boot.web.servlet.AbstractFilterRegistrationBean:243] - Mapping filter: 'characterEncodingFilter' to: [/*]
2018-08-22 10:26:04 [org.springframework.boot.web.servlet.AbstractFilterRegistrationBean:243] - Mapping filter: 'hiddenHttpMethodFilter' to: [/*]
2018-08-22 10:26:04 [org.springframework.boot.web.servlet.AbstractFilterRegistrationBean:243] - Mapping filter: 'httpPutFormContentFilter' to: [/*]
2018-08-22 10:26:04 [org.springframework.boot.web.servlet.AbstractFilterRegistrationBean:243] - Mapping filter: 'requestContextFilter' to: [/*]
2018-08-22 10:26:05 [org.apache.juli.logging.DirectJDKLog:180] - Stopping service [Tomcat]
2018-08-22 10:26:05 [org.springframework.boot.autoconfigure.logging.ConditionEvaluationReportLoggingListener:101] - 

Error starting ApplicationContext. To display the conditions report re-run your application with 'debug' enabled.
2018-08-24 09:36:06 [org.springframework.boot.StartupInfoLogger:50] - Starting Application on EDZ-20180526GRA with PID 9168 (D:\SelfTask\code\web\target\classes started by Administrator in D:\SelfTask\code)
2018-08-24 09:36:06 [org.springframework.boot.SpringApplication:652] - No active profile set, falling back to default profiles: default
2018-08-24 09:36:06 [org.springframework.context.support.AbstractApplicationContext:589] - Refreshing org.springframework.boot.web.servlet.context.AnnotationConfigServletWebServerApplicationContext@363ee3a2: startup date [Fri Aug 24 09:36:06 CST 2018]; root of context hierarchy
2018-08-24 09:36:07 [org.springframework.beans.factory.support.DefaultListableBeanFactory:824] - Overriding bean definition for bean 'dataSource' with a different definition: replacing [Root bean: class [null]; scope=; abstract=false; lazyInit=false; autowireMode=3; dependencyCheck=0; autowireCandidate=true; primary=false; factoryBeanName=org.springframework.boot.autoconfigure.jdbc.DataSourceConfiguration$Tomcat; factoryMethodName=dataSource; initMethodName=null; destroyMethodName=(inferred); defined in class path resource [org/springframework/boot/autoconfigure/jdbc/DataSourceConfiguration$Tomcat.class]] with [Root bean: class [null]; scope=; abstract=false; lazyInit=false; autowireMode=3; dependencyCheck=0; autowireCandidate=true; primary=false; factoryBeanName=org.springframework.boot.autoconfigure.jdbc.DataSourceConfiguration$Hikari; factoryMethodName=dataSource; initMethodName=null; destroyMethodName=(inferred); defined in class path resource [org/springframework/boot/autoconfigure/jdbc/DataSourceConfiguration$Hikari.class]]
2018-08-24 09:36:08 [org.springframework.boot.web.embedded.tomcat.TomcatWebServer:91] - Tomcat initialized with port(s): 9090 (http)
2018-08-24 09:36:08 [org.apache.juli.logging.DirectJDKLog:180] - Initializing ProtocolHandler ["http-nio-9090"]
2018-08-24 09:36:08 [org.apache.juli.logging.DirectJDKLog:180] - Starting service [Tomcat]
2018-08-24 09:36:08 [org.apache.juli.logging.DirectJDKLog:180] - Starting Servlet Engine: Apache Tomcat/8.5.28
2018-08-24 09:36:08 [org.apache.juli.logging.DirectJDKLog:180] - The APR based Apache Tomcat Native library which allows optimal performance in production environments was not found on the java.library.path: [C:\Program Files\Java\jdk1.8.0_171\bin;C:\Windows\Sun\Java\bin;C:\Windows\system32;C:\Windows;C:\Program Files\Java\jdk1.8.0_171\bin;C:\Program Files\Java\jdk1.8.0_171\jre\bin;C:\Program Files (x86)\Common Files\Oracle\Java\javapath;C:\Windows\system32;C:\Windows;C:\Windows\System32\Wbem;C:\Windows\System32\WindowsPowerShell\v1.0\;D:\Application\Tools\mysql\bin;D:\Application\Tools\gradle-4.7\bin;D:\Application\Tools\android-sdk-windows\platform-tools;D:\Application\Tools\android-sdk-windows\tools;D:\WinSCP\;D:\Application\Tools\nvm\nvm;C:\Program Files\nodejs;D:\Application\Tools\Git\cmd;;D:\Application\Tools\Microsoft VS Code\bin;D:\Application\Tools\nvm\nvm;C:\Program Files\nodejs;D:\Application\Tools\Fiddler;.]
2018-08-24 09:36:09 [org.apache.juli.logging.DirectJDKLog:180] - Initializing Spring embedded WebApplicationContext
2018-08-24 09:36:09 [org.springframework.boot.web.servlet.context.ServletWebServerApplicationContext:285] - Root WebApplicationContext: initialization completed in 2794 ms
2018-08-24 09:36:09 [org.springframework.boot.web.servlet.ServletRegistrationBean:185] - Servlet dispatcherServlet mapped to [/web/*]
2018-08-24 09:36:09 [org.springframework.boot.web.servlet.AbstractFilterRegistrationBean:243] - Mapping filter: 'characterEncodingFilter' to: [/*]
2018-08-24 09:36:09 [org.springframework.boot.web.servlet.AbstractFilterRegistrationBean:243] - Mapping filter: 'hiddenHttpMethodFilter' to: [/*]
2018-08-24 09:36:09 [org.springframework.boot.web.servlet.AbstractFilterRegistrationBean:243] - Mapping filter: 'httpPutFormContentFilter' to: [/*]
2018-08-24 09:36:09 [org.springframework.boot.web.servlet.AbstractFilterRegistrationBean:243] - Mapping filter: 'requestContextFilter' to: [/*]
2018-08-24 09:36:09 [org.apache.juli.logging.DirectJDKLog:180] - Stopping service [Tomcat]
